{"level":"info","message":"onRequest - WORKSPACE_URI:file:///c%3A/Users/emanu/Documents/Manu/UNQ/Objetos1","timestamp":"2024-08-28T21:35:13.411Z"}
{"level":"info","message":"⌛ Building environment","timeElapsed":396,"timestamp":"2024-08-28T22:34:22.880Z"}
{"level":"info","message":"onRequest - WORKSPACE_URI:file:///c%3A/Users/emanu/Documents/Manu/UNQ/Objetos1","timestamp":"2024-08-28T22:34:22.885Z"}
{"level":"info","message":"⌛ Building environment","timeElapsed":233,"timestamp":"2024-08-28T22:34:23.119Z"}
{"level":"info","message":"⌛ Building environment","timeElapsed":130,"timestamp":"2024-08-28T22:34:23.256Z"}
{"level":"info","message":"⌛ Validating TomYJerry/2024s2-tomyjerry-ManuMenager/tomyjerry.wlk","timeElapsed":192,"timestamp":"2024-08-28T22:34:23.619Z"}
{"level":"info","message":"⌛ Building environment","timeElapsed":204,"timestamp":"2024-08-28T22:34:23.823Z"}
{"level":"info","message":"⌛ Validating TomYJerry/2024s2-tomyjerry-ManuMenager/tomyjerry.wtest","timeElapsed":174,"timestamp":"2024-08-28T22:34:24.006Z"}
{"level":"info","message":"⌛ Validating Pepita/test.wtest","timeElapsed":130,"timestamp":"2024-08-28T22:34:24.138Z"}
{"level":"info","message":"⌛ Validating Pepita/example.wlk","timeElapsed":130,"timestamp":"2024-08-28T22:34:24.268Z"}
{"level":"info","message":"⌛ Validating TomYJerry/2024s2-tomyjerry-ManuMenager/tomyjerry.wlk","timeElapsed":139,"timestamp":"2024-08-28T22:34:25.085Z"}
{"level":"info","message":"⌛ Validating TomYJerry/2024s2-tomyjerry-ManuMenager/tomyjerry.wtest","timeElapsed":126,"timestamp":"2024-08-28T22:34:25.212Z"}
{"level":"info","message":"⌛ Building environment","timeElapsed":309,"timestamp":"2024-09-01T22:57:47.635Z"}
{"level":"info","message":"onRequest - WORKSPACE_URI:file:///c%3A/Users/emanu/Documents/Manu/UNQ/Objetos1","timestamp":"2024-09-01T22:57:47.650Z"}
{"level":"info","message":"⌛ Building environment","timeElapsed":250,"timestamp":"2024-09-01T22:57:47.901Z"}
{"level":"info","message":"⌛ Building environment","timeElapsed":154,"timestamp":"2024-09-01T22:57:48.060Z"}
{"level":"info","message":"⌛ Building environment","timeElapsed":126,"timestamp":"2024-09-01T22:57:48.187Z"}
{"level":"info","message":"⌛ Validating TomYJerry/2024s2-tomyjerry-ManuMenager/tomyjerry.wlk","timeElapsed":122,"timestamp":"2024-09-01T22:57:48.679Z"}
{"level":"info","message":"⌛ Building environment","timeElapsed":138,"timestamp":"2024-09-01T22:57:48.817Z"}
{"level":"info","message":"⌛ Validating Pepita/example.wlk","timeElapsed":109,"timestamp":"2024-09-01T22:57:48.940Z"}
{"level":"info","message":"⌛ Validating EmpanadasGimenez/2024s2-empanadas-gimenez-ManuMenager/testPunto2.wtest","timeElapsed":101,"timestamp":"2024-09-01T22:57:49.335Z"}
{"level":"info","message":"⌛ Validating EmpanadasGimenez/2024s2-empanadas-gimenez-ManuMenager/testPunto1.wtest","timeElapsed":101,"timestamp":"2024-09-01T22:57:49.436Z"}
{"level":"info","message":"⌛ Validating EmpanadasGimenez/2024s2-empanadas-gimenez-ManuMenager/empleados.wlk","timeElapsed":110,"timestamp":"2024-09-01T22:57:49.548Z"}
{"level":"info","message":"⌛ Validating TomYJerry/2024s2-tomyjerry-ManuMenager/tomyjerry.wlk","timeElapsed":101,"timestamp":"2024-09-01T22:57:49.650Z"}
